android/app/build/intermediates/manifest_merge_blame_file/debug/manifest-merger-blame-debug-report.txt
1<?xml version="1.0" encoding="utf-8"?>
2<manifest xmlns:android="http://schemas.android.com/apk/res/android"
3    package="com.example.flutter_application_1"
4    android:versionCode="1"
5    android:versionName="1.0.0" >
6
7    <uses-sdk
8        android:minSdkVersion="21"
9        android:targetSdkVersion="34" />
10    <!--
11         The INTERNET permission is required for development. Specifically,
12         the Flutter tool needs it to communicate with the running application
13         to allow setting breakpoints, to provide hot reload, etc.
14    -->
15    <uses-permission android:name="android.permission.INTERNET" />
15-->src\debug\AndroidManifest.xml:6:5-66
15-->src\debug\AndroidManifest.xml:6:22-64
16    <!--
17     Required to query activities that can process text, see:
18         https://developer.android.com/training/package-visibility and
19         https://developer.android.com/reference/android/content/Intent#ACTION_PROCESS_TEXT.
20
21         In particular, this is used by the Flutter engine in io.flutter.plugin.text.ProcessTextPlugin.
22    -->
23    <queries>
23-->src\main\AndroidManifest.xml:39:5-44:15
24        <intent>
24-->src\main\AndroidManifest.xml:40:9-43:18
25            <action android:name="android.intent.action.PROCESS_TEXT" />
25-->src\main\AndroidManifest.xml:41:13-72
25-->src\main\AndroidManifest.xml:41:21-70
26
27            <data android:mimeType="text/plain" />
27-->src\main\AndroidManifest.xml:42:13-50
27-->src\main\AndroidManifest.xml:42:19-48
28        </intent>
29        <intent>
29-->[io.intercom.android:intercom-sdk-base:15.9.0] AndroidManifest.xml:8:9-14:18
30            <action android:name="android.intent.action.VIEW" />
30-->[io.intercom.android:intercom-sdk-base:15.9.0] AndroidManifest.xml:9:13-65
30-->[io.intercom.android:intercom-sdk-base:15.9.0] AndroidManifest.xml:9:21-62
31
32            <category android:name="android.intent.category.BROWSABLE" />
32-->[io.intercom.android:intercom-sdk-base:15.9.0] AndroidManifest.xml:11:13-74
32-->[io.intercom.android:intercom-sdk-base:15.9.0] AndroidManifest.xml:11:23-71
33
34            <data android:scheme="https" />
34-->src\main\AndroidManifest.xml:42:13-50
35        </intent>
36    </queries>
37
38    <uses-permission android:name="android.permission.POST_NOTIFICATIONS" /> <!-- Microphone permission -->
38-->[io.intercom.android:intercom-sdk-base:15.9.0] AndroidManifest.xml:18:5-77
38-->[io.intercom.android:intercom-sdk-base:15.9.0] AndroidManifest.xml:18:22-74
39    <uses-permission android:name="android.permission.RECORD_AUDIO" />
39-->[io.intercom.android:intercom-sdk-base:15.9.0] AndroidManifest.xml:20:5-71
39-->[io.intercom.android:intercom-sdk-base:15.9.0] AndroidManifest.xml:20:22-68
40    <uses-permission
40-->[io.intercom.android:intercom-sdk-ui:15.9.0] AndroidManifest.xml:8:5-11:40
41        android:name="android.permission.WRITE_EXTERNAL_STORAGE"
41-->[io.intercom.android:intercom-sdk-ui:15.9.0] AndroidManifest.xml:9:9-65
42        android:maxSdkVersion="28" />
42-->[io.intercom.android:intercom-sdk-ui:15.9.0] AndroidManifest.xml:10:9-35
43    <uses-permission android:name="android.permission.READ_EXTERNAL_STORAGE" />
44    <uses-permission android:name="android.permission.ACCESS_NETWORK_STATE" />
44-->[com.google.firebase:firebase-messaging:23.4.1] AndroidManifest.xml:22:5-79
44-->[com.google.firebase:firebase-messaging:23.4.1] AndroidManifest.xml:22:22-76
45    <uses-permission android:name="android.permission.WAKE_LOCK" /> <!-- Required by older versions of Google Play services to create IID tokens -->
45-->[com.google.firebase:firebase-messaging:23.4.1] AndroidManifest.xml:24:5-68
45-->[com.google.firebase:firebase-messaging:23.4.1] AndroidManifest.xml:24:22-65
46    <uses-permission android:name="com.google.android.c2dm.permission.RECEIVE" />
46-->[com.google.firebase:firebase-messaging:23.4.1] AndroidManifest.xml:26:5-82
46-->[com.google.firebase:firebase-messaging:23.4.1] AndroidManifest.xml:26:22-79
47    <uses-permission android:name="android.permission.RECEIVE_BOOT_COMPLETED" />
47-->[androidx.work:work-runtime:2.8.1] AndroidManifest.xml:25:5-81
47-->[androidx.work:work-runtime:2.8.1] AndroidManifest.xml:25:22-78
48    <uses-permission android:name="android.permission.FOREGROUND_SERVICE" />
48-->[androidx.work:work-runtime:2.8.1] AndroidManifest.xml:26:5-77
48-->[androidx.work:work-runtime:2.8.1] AndroidManifest.xml:26:22-74
49
50    <permission
50-->[androidx.core:core:1.13.0] AndroidManifest.xml:22:5-24:47
51        android:name="com.example.flutter_application_1.DYNAMIC_RECEIVER_NOT_EXPORTED_PERMISSION"
51-->[androidx.core:core:1.13.0] AndroidManifest.xml:23:9-81
52        android:protectionLevel="signature" />
52-->[androidx.core:core:1.13.0] AndroidManifest.xml:24:9-44
53
54    <uses-permission android:name="com.example.flutter_application_1.DYNAMIC_RECEIVER_NOT_EXPORTED_PERMISSION" />
54-->[androidx.core:core:1.13.0] AndroidManifest.xml:26:5-97
54-->[androidx.core:core:1.13.0] AndroidManifest.xml:26:22-94
55
56    <application
57        android:name="android.app.Application"
58        android:appComponentFactory="androidx.core.app.CoreComponentFactory"
58-->[androidx.core:core:1.13.0] AndroidManifest.xml:28:18-86
59        android:debuggable="true"
60        android:icon="@mipmap/ic_launcher"
61        android:label="flutter_application_1"
62        android:supportsRtl="true" >
62-->[io.intercom.android:intercom-sdk-base:15.9.0] AndroidManifest.xml:22:18-44
63        <activity
64            android:name="com.example.flutter_application_1.MainActivity"
65            android:configChanges="orientation|keyboardHidden|keyboard|screenSize|smallestScreenSize|locale|layoutDirection|fontScale|screenLayout|density|uiMode"
66            android:exported="true"
67            android:hardwareAccelerated="true"
68            android:launchMode="singleTop"
69            android:taskAffinity=""
70            android:theme="@style/LaunchTheme"
71            android:windowSoftInputMode="adjustResize" >
72
73            <!--
74                 Specifies an Android theme to apply to this Activity as soon as
75                 the Android process has started. This theme is visible to the user
76                 while the Flutter UI initializes. After that, this theme continues
77                 to determine the Window background behind the Flutter UI.
78            -->
79            <meta-data
80                android:name="io.flutter.embedding.android.NormalTheme"
81                android:resource="@style/NormalTheme" />
82
83            <intent-filter>
84                <action android:name="android.intent.action.MAIN" />
85
86                <category android:name="android.intent.category.LAUNCHER" />
87            </intent-filter>
88        </activity>
89        <!--
90             Don't delete the meta-data below.
91             This is used by the Flutter tool to generate GeneratedPluginRegistrant.java
92        -->
93        <meta-data
94            android:name="flutterEmbedding"
95            android:value="2" />
96
97        <receiver
97-->[:intercom_flutter] AndroidManifest.xml:10:9-17:20
98            android:name="io.maido.intercom.PushInterceptReceiver"
98-->[:intercom_flutter] AndroidManifest.xml:11:13-67
99            android:exported="true"
99-->[:intercom_flutter] AndroidManifest.xml:12:13-36
100            android:permission="com.google.android.c2dm.permission.SEND" >
100-->[:intercom_flutter] AndroidManifest.xml:13:13-73
101            <intent-filter>
101-->[:intercom_flutter] AndroidManifest.xml:14:13-16:29
102                <action android:name="com.google.android.c2dm.intent.RECEIVE" />
102-->[:intercom_flutter] AndroidManifest.xml:15:17-81
102-->[:intercom_flutter] AndroidManifest.xml:15:25-78
103            </intent-filter>
104        </receiver>
105
106        <service
106-->[io.intercom.android:intercom-sdk-fcm:15.9.0] AndroidManifest.xml:8:9-15:19
107            android:name="io.intercom.android.sdk.fcm.IntercomFcmMessengerService"
107-->[io.intercom.android:intercom-sdk-fcm:15.9.0] AndroidManifest.xml:9:13-83
108            android:exported="false" >
108-->[io.intercom.android:intercom-sdk-fcm:15.9.0] AndroidManifest.xml:10:13-37
109            <intent-filter android:priority="-400" >
109-->[io.intercom.android:intercom-sdk-fcm:15.9.0] AndroidManifest.xml:11:13-14:29
109-->[io.intercom.android:intercom-sdk-fcm:15.9.0] AndroidManifest.xml:11:28-51
110                <action android:name="com.google.firebase.MESSAGING_EVENT" />
110-->[io.intercom.android:intercom-sdk-fcm:15.9.0] AndroidManifest.xml:12:17-78
110-->[io.intercom.android:intercom-sdk-fcm:15.9.0] AndroidManifest.xml:12:25-75
111                <action android:name="com.google.firebase.INSTANCE_ID_EVENT" />
111-->[io.intercom.android:intercom-sdk-fcm:15.9.0] AndroidManifest.xml:13:17-80
111-->[io.intercom.android:intercom-sdk-fcm:15.9.0] AndroidManifest.xml:13:25-77
112            </intent-filter>
113        </service>
114
115        <meta-data
115-->[io.intercom.android:intercom-sdk-base:15.9.0] AndroidManifest.xml:23:9-25:37
116            android:name="io.sentry.auto-init"
116-->[io.intercom.android:intercom-sdk-base:15.9.0] AndroidManifest.xml:24:13-47
117            android:value="false" />
117-->[io.intercom.android:intercom-sdk-base:15.9.0] AndroidManifest.xml:25:13-34
118
119        <activity
119-->[io.intercom.android:intercom-sdk-base:15.9.0] AndroidManifest.xml:27:9-32:73
120            android:name="io.intercom.android.sdk.lightbox.LightBoxActivity"
120-->[io.intercom.android:intercom-sdk-base:15.9.0] AndroidManifest.xml:28:13-77
121            android:configChanges="screenSize|orientation"
121-->[io.intercom.android:intercom-sdk-base:15.9.0] AndroidManifest.xml:29:13-59
122            android:exported="false"
122-->[io.intercom.android:intercom-sdk-base:15.9.0] AndroidManifest.xml:30:13-37
123            android:theme="@style/Intercom_LightBoxTheme"
123-->[io.intercom.android:intercom-sdk-base:15.9.0] AndroidManifest.xml:31:13-58
124            android:windowSoftInputMode="stateUnchanged|adjustResize" />
124-->[io.intercom.android:intercom-sdk-base:15.9.0] AndroidManifest.xml:32:13-70
125        <activity
125-->[io.intercom.android:intercom-sdk-base:15.9.0] AndroidManifest.xml:33:9-39:57
126            android:name="io.intercom.android.sdk.activities.IntercomPostActivity"
126-->[io.intercom.android:intercom-sdk-base:15.9.0] AndroidManifest.xml:34:13-83
127            android:configChanges="screenSize|orientation"
127-->[io.intercom.android:intercom-sdk-base:15.9.0] AndroidManifest.xml:35:13-59
128            android:exported="false"
128-->[io.intercom.android:intercom-sdk-base:15.9.0] AndroidManifest.xml:36:13-37
129            android:launchMode="singleTask"
129-->[io.intercom.android:intercom-sdk-base:15.9.0] AndroidManifest.xml:37:13-44
130            android:theme="@style/Intercom_PostTheme"
130-->[io.intercom.android:intercom-sdk-base:15.9.0] AndroidManifest.xml:38:13-54
131            android:windowSoftInputMode="stateHidden" />
131-->[io.intercom.android:intercom-sdk-base:15.9.0] AndroidManifest.xml:39:13-54
132        <activity
132-->[io.intercom.android:intercom-sdk-base:15.9.0] AndroidManifest.xml:40:9-46:57
133            android:name="io.intercom.android.sdk.post.PostActivityV2"
133-->[io.intercom.android:intercom-sdk-base:15.9.0] AndroidManifest.xml:41:13-71
134            android:configChanges="screenSize|orientation"
134-->[io.intercom.android:intercom-sdk-base:15.9.0] AndroidManifest.xml:42:13-59
135            android:exported="false"
135-->[io.intercom.android:intercom-sdk-base:15.9.0] AndroidManifest.xml:43:13-37
136            android:launchMode="singleTask"
136-->[io.intercom.android:intercom-sdk-base:15.9.0] AndroidManifest.xml:44:13-44
137            android:theme="@style/Intercom_PostTheme"
137-->[io.intercom.android:intercom-sdk-base:15.9.0] AndroidManifest.xml:45:13-54
138            android:windowSoftInputMode="stateHidden" />
138-->[io.intercom.android:intercom-sdk-base:15.9.0] AndroidManifest.xml:46:13-54
139        <activity
139-->[io.intercom.android:intercom-sdk-base:15.9.0] AndroidManifest.xml:47:9-53:73
140            android:name="io.intercom.android.sdk.activities.IntercomNoteActivity"
140-->[io.intercom.android:intercom-sdk-base:15.9.0] AndroidManifest.xml:48:13-83
141            android:configChanges="screenSize|orientation"
141-->[io.intercom.android:intercom-sdk-base:15.9.0] AndroidManifest.xml:49:13-59
142            android:exported="false"
142-->[io.intercom.android:intercom-sdk-base:15.9.0] AndroidManifest.xml:50:13-37
143            android:launchMode="singleTask"
143-->[io.intercom.android:intercom-sdk-base:15.9.0] AndroidManifest.xml:51:13-44
144            android:theme="@style/Intercom_NoteTheme"
144-->[io.intercom.android:intercom-sdk-base:15.9.0] AndroidManifest.xml:52:13-54
145            android:windowSoftInputMode="stateUnchanged|adjustResize" />
145-->[io.intercom.android:intercom-sdk-base:15.9.0] AndroidManifest.xml:53:13-70
146        <activity
146-->[io.intercom.android:intercom-sdk-base:15.9.0] AndroidManifest.xml:54:9-60:57
147            android:name="io.intercom.android.sdk.activities.IntercomSheetActivity"
147-->[io.intercom.android:intercom-sdk-base:15.9.0] AndroidManifest.xml:55:13-84
148            android:configChanges="screenSize|orientation"
148-->[io.intercom.android:intercom-sdk-base:15.9.0] AndroidManifest.xml:56:13-59
149            android:exported="false"
149-->[io.intercom.android:intercom-sdk-base:15.9.0] AndroidManifest.xml:57:13-37
150            android:launchMode="singleTop"
150-->[io.intercom.android:intercom-sdk-base:15.9.0] AndroidManifest.xml:58:13-43
151            android:theme="@style/Intercom_ModalActivityTheme"
151-->[io.intercom.android:intercom-sdk-base:15.9.0] AndroidManifest.xml:59:13-63
152            android:windowSoftInputMode="stateHidden" />
152-->[io.intercom.android:intercom-sdk-base:15.9.0] AndroidManifest.xml:60:13-54
153        <activity
153-->[io.intercom.android:intercom-sdk-base:15.9.0] AndroidManifest.xml:61:9-67:57
154            android:name="io.intercom.android.sdk.activities.IntercomCarouselActivity"
154-->[io.intercom.android:intercom-sdk-base:15.9.0] AndroidManifest.xml:62:13-87
155            android:exported="false"
155-->[io.intercom.android:intercom-sdk-base:15.9.0] AndroidManifest.xml:63:13-37
156            android:launchMode="singleTask"
156-->[io.intercom.android:intercom-sdk-base:15.9.0] AndroidManifest.xml:64:13-44
157            android:screenOrientation="portrait"
157-->[io.intercom.android:intercom-sdk-base:15.9.0] AndroidManifest.xml:65:13-49
158            android:theme="@style/Intercom_CarouselTheme"
158-->[io.intercom.android:intercom-sdk-base:15.9.0] AndroidManifest.xml:66:13-58
159            android:windowSoftInputMode="stateHidden" />
159-->[io.intercom.android:intercom-sdk-base:15.9.0] AndroidManifest.xml:67:13-54
160        <activity
160-->[io.intercom.android:intercom-sdk-base:15.9.0] AndroidManifest.xml:68:9-72:57
161            android:name="io.intercom.android.sdk.helpcenter.articles.ArticleActivity"
161-->[io.intercom.android:intercom-sdk-base:15.9.0] AndroidManifest.xml:69:13-87
162            android:exported="false"
162-->[io.intercom.android:intercom-sdk-base:15.9.0] AndroidManifest.xml:70:13-37
163            android:theme="@style/Intercom.BaseMaterial"
163-->[io.intercom.android:intercom-sdk-base:15.9.0] AndroidManifest.xml:71:13-57
164            android:windowSoftInputMode="stateHidden" />
164-->[io.intercom.android:intercom-sdk-base:15.9.0] AndroidManifest.xml:72:13-54
165        <activity
165-->[io.intercom.android:intercom-sdk-base:15.9.0] AndroidManifest.xml:73:9-77:58
166            android:name="io.intercom.android.sdk.survey.ui.IntercomSurveyActivity"
166-->[io.intercom.android:intercom-sdk-base:15.9.0] AndroidManifest.xml:74:13-84
167            android:exported="false"
167-->[io.intercom.android:intercom-sdk-base:15.9.0] AndroidManifest.xml:75:13-37
168            android:theme="@style/Intercom.BaseMaterial.Compose"
168-->[io.intercom.android:intercom-sdk-base:15.9.0] AndroidManifest.xml:76:13-65
169            android:windowSoftInputMode="adjustResize" />
169-->[io.intercom.android:intercom-sdk-base:15.9.0] AndroidManifest.xml:77:13-55
170        <activity
170-->[io.intercom.android:intercom-sdk-base:15.9.0] AndroidManifest.xml:78:9-81:60
171            android:name="io.intercom.android.sdk.helpcenter.search.IntercomArticleSearchActivity"
171-->[io.intercom.android:intercom-sdk-base:15.9.0] AndroidManifest.xml:79:13-99
172            android:exported="false"
172-->[io.intercom.android:intercom-sdk-base:15.9.0] AndroidManifest.xml:80:13-37
173            android:theme="@style/Intercom.BaseMaterial" />
173-->[io.intercom.android:intercom-sdk-base:15.9.0] AndroidManifest.xml:81:13-57
174        <activity
174-->[io.intercom.android:intercom-sdk-base:15.9.0] AndroidManifest.xml:82:9-85:72
175            android:name="io.intercom.android.sdk.push.IntercomPushTrampolineActivity"
175-->[io.intercom.android:intercom-sdk-base:15.9.0] AndroidManifest.xml:83:13-87
176            android:exported="false"
176-->[io.intercom.android:intercom-sdk-base:15.9.0] AndroidManifest.xml:84:13-37
177            android:theme="@style/Intercom.BaseMaterial.Transparent" />
177-->[io.intercom.android:intercom-sdk-base:15.9.0] AndroidManifest.xml:85:13-69
178        <activity
178-->[io.intercom.android:intercom-sdk-base:15.9.0] AndroidManifest.xml:86:9-89:58
179            android:name="io.intercom.android.sdk.m5.IntercomRootActivity"
179-->[io.intercom.android:intercom-sdk-base:15.9.0] AndroidManifest.xml:87:13-75
180            android:theme="@style/Intercom_TransparentTheme_WithAnimations"
180-->[io.intercom.android:intercom-sdk-base:15.9.0] AndroidManifest.xml:88:13-76
181            android:windowSoftInputMode="adjustResize" />
181-->[io.intercom.android:intercom-sdk-base:15.9.0] AndroidManifest.xml:89:13-55
182        <activity
182-->[io.intercom.android:intercom-sdk-base:15.9.0] AndroidManifest.xml:90:9-96:79
183            android:name="io.intercom.android.sdk.m5.bubble.IntercomBubbleActivity"
183-->[io.intercom.android:intercom-sdk-base:15.9.0] AndroidManifest.xml:91:13-84
184            android:allowEmbedded="true"
184-->[io.intercom.android:intercom-sdk-base:15.9.0] AndroidManifest.xml:92:13-41
185            android:documentLaunchMode="always"
185-->[io.intercom.android:intercom-sdk-base:15.9.0] AndroidManifest.xml:93:13-48
186            android:exported="false"
186-->[io.intercom.android:intercom-sdk-base:15.9.0] AndroidManifest.xml:94:13-37
187            android:resizeableActivity="true"
187-->[io.intercom.android:intercom-sdk-base:15.9.0] AndroidManifest.xml:95:13-46
188            android:theme="@style/Intercom_TransparentTheme_WithAnimations" />
188-->[io.intercom.android:intercom-sdk-base:15.9.0] AndroidManifest.xml:96:13-76
189
190        <receiver
190-->[io.intercom.android:intercom-sdk-base:15.9.0] AndroidManifest.xml:98:9-104:20
191            android:name="io.intercom.android.sdk.push.IntercomPushBroadcastReceiver"
191-->[io.intercom.android:intercom-sdk-base:15.9.0] AndroidManifest.xml:99:13-86
192            android:exported="false" >
192-->[io.intercom.android:intercom-sdk-base:15.9.0] AndroidManifest.xml:100:13-37
193            <intent-filter>
193-->[io.intercom.android:intercom-sdk-base:15.9.0] AndroidManifest.xml:101:13-103:29
194                <action android:name="io.intercom.android.sdk.INTERCOM_PUSH_DISMISSED" />
194-->[io.intercom.android:intercom-sdk-base:15.9.0] AndroidManifest.xml:102:17-90
194-->[io.intercom.android:intercom-sdk-base:15.9.0] AndroidManifest.xml:102:25-87
195            </intent-filter>
196        </receiver>
197        <receiver android:name="io.intercom.android.sdk.m5.push.ConversationReplyReceiver" />
197-->[io.intercom.android:intercom-sdk-base:15.9.0] AndroidManifest.xml:105:9-94
197-->[io.intercom.android:intercom-sdk-base:15.9.0] AndroidManifest.xml:105:19-91
198
199        <provider
199-->[io.intercom.android:intercom-sdk-base:15.9.0] AndroidManifest.xml:107:9-110:40
200            android:name="io.intercom.android.sdk.IntercomInitializeContentProvider"
200-->[io.intercom.android:intercom-sdk-base:15.9.0] AndroidManifest.xml:108:13-85
201            android:authorities="com.example.flutter_application_1.IntercomInitializeContentProvider"
201-->[io.intercom.android:intercom-sdk-base:15.9.0] AndroidManifest.xml:109:13-85
202            android:exported="false" />
202-->[io.intercom.android:intercom-sdk-base:15.9.0] AndroidManifest.xml:110:13-37
203        <provider
203-->[io.intercom.android:intercom-sdk-base:15.9.0] AndroidManifest.xml:111:9-120:20
204            android:name="io.intercom.android.sdk.IntercomFileProvider"
204-->[io.intercom.android:intercom-sdk-base:15.9.0] AndroidManifest.xml:112:13-72
205            android:authorities="com.example.flutter_application_1.IntercomFileProvider"
205-->[io.intercom.android:intercom-sdk-base:15.9.0] AndroidManifest.xml:113:13-72
206            android:exported="false"
206-->[io.intercom.android:intercom-sdk-base:15.9.0] AndroidManifest.xml:114:13-37
207            android:grantUriPermissions="true" >
207-->[io.intercom.android:intercom-sdk-base:15.9.0] AndroidManifest.xml:115:13-47
208            <meta-data
208-->[io.intercom.android:intercom-sdk-base:15.9.0] AndroidManifest.xml:116:13-119:25
209                android:name="android.support.FILE_PROVIDER_PATHS"
209-->[io.intercom.android:intercom-sdk-base:15.9.0] AndroidManifest.xml:117:17-67
210                android:resource="@xml/intercom_file_paths" >
210-->[io.intercom.android:intercom-sdk-base:15.9.0] AndroidManifest.xml:118:17-60
211            </meta-data>
212        </provider>
213
214        <activity
214-->[io.intercom.android:intercom-sdk-ui:15.9.0] AndroidManifest.xml:14:9-16:79
215            android:name="io.intercom.android.sdk.ui.preview.ui.IntercomPreviewActivity"
215-->[io.intercom.android:intercom-sdk-ui:15.9.0] AndroidManifest.xml:15:13-89
216            android:theme="@android:style/Theme.Material.Light.NoActionBar" />
216-->[io.intercom.android:intercom-sdk-ui:15.9.0] AndroidManifest.xml:16:13-76
217
218        <uses-library
218-->[androidx.window:window:1.0.0-beta04] AndroidManifest.xml:25:9-27:40
219            android:name="androidx.window.extensions"
219-->[androidx.window:window:1.0.0-beta04] AndroidManifest.xml:26:13-54
220            android:required="false" />
220-->[androidx.window:window:1.0.0-beta04] AndroidManifest.xml:27:13-37
221        <uses-library
221-->[androidx.window:window:1.0.0-beta04] AndroidManifest.xml:28:9-30:40
222            android:name="androidx.window.sidecar"
222-->[androidx.window:window:1.0.0-beta04] AndroidManifest.xml:29:13-51
223            android:required="false" />
223-->[androidx.window:window:1.0.0-beta04] AndroidManifest.xml:30:13-37
224
225        <receiver
225-->[com.google.firebase:firebase-messaging:23.4.1] AndroidManifest.xml:29:9-40:20
226            android:name="com.google.firebase.iid.FirebaseInstanceIdReceiver"
226-->[com.google.firebase:firebase-messaging:23.4.1] AndroidManifest.xml:30:13-78
227            android:exported="true"
227-->[com.google.firebase:firebase-messaging:23.4.1] AndroidManifest.xml:31:13-36
228            android:permission="com.google.android.c2dm.permission.SEND" >
228-->[com.google.firebase:firebase-messaging:23.4.1] AndroidManifest.xml:32:13-73
229            <intent-filter>
229-->[:intercom_flutter] AndroidManifest.xml:14:13-16:29
230                <action android:name="com.google.android.c2dm.intent.RECEIVE" />
230-->[:intercom_flutter] AndroidManifest.xml:15:17-81
230-->[:intercom_flutter] AndroidManifest.xml:15:25-78
231            </intent-filter>
232
233            <meta-data
233-->[com.google.firebase:firebase-messaging:23.4.1] AndroidManifest.xml:37:13-39:40
234                android:name="com.google.android.gms.cloudmessaging.FINISHED_AFTER_HANDLED"
234-->[com.google.firebase:firebase-messaging:23.4.1] AndroidManifest.xml:38:17-92
235                android:value="true" />
235-->[com.google.firebase:firebase-messaging:23.4.1] AndroidManifest.xml:39:17-37
236        </receiver>
237        <!--
238             FirebaseMessagingService performs security checks at runtime,
239             but set to not exported to explicitly avoid allowing another app to call it.
240        -->
241        <service
241-->[com.google.firebase:firebase-messaging:23.4.1] AndroidManifest.xml:46:9-53:19
242            android:name="com.google.firebase.messaging.FirebaseMessagingService"
242-->[com.google.firebase:firebase-messaging:23.4.1] AndroidManifest.xml:47:13-82
243            android:directBootAware="true"
243-->[com.google.firebase:firebase-messaging:23.4.1] AndroidManifest.xml:48:13-43
244            android:exported="false" >
244-->[com.google.firebase:firebase-messaging:23.4.1] AndroidManifest.xml:49:13-37
245            <intent-filter android:priority="-500" >
245-->[com.google.firebase:firebase-messaging:23.4.1] AndroidManifest.xml:50:13-52:29
245-->[com.google.firebase:firebase-messaging:23.4.1] AndroidManifest.xml:50:28-51
246                <action android:name="com.google.firebase.MESSAGING_EVENT" />
246-->[io.intercom.android:intercom-sdk-fcm:15.9.0] AndroidManifest.xml:12:17-78
246-->[io.intercom.android:intercom-sdk-fcm:15.9.0] AndroidManifest.xml:12:25-75
247            </intent-filter>
248        </service>
249        <service
249-->[com.google.firebase:firebase-messaging:23.4.1] AndroidManifest.xml:54:9-63:19
250            android:name="com.google.firebase.components.ComponentDiscoveryService"
250-->[com.google.firebase:firebase-messaging:23.4.1] AndroidManifest.xml:55:13-84
251            android:directBootAware="true"
251-->[com.google.firebase:firebase-common:20.4.2] AndroidManifest.xml:32:13-43
252            android:exported="false" >
252-->[com.google.firebase:firebase-messaging:23.4.1] AndroidManifest.xml:56:13-37
253            <meta-data
253-->[com.google.firebase:firebase-messaging:23.4.1] AndroidManifest.xml:57:13-59:85
254                android:name="com.google.firebase.components:com.google.firebase.messaging.FirebaseMessagingKtxRegistrar"
254-->[com.google.firebase:firebase-messaging:23.4.1] AndroidManifest.xml:58:17-122
255                android:value="com.google.firebase.components.ComponentRegistrar" />
255-->[com.google.firebase:firebase-messaging:23.4.1] AndroidManifest.xml:59:17-82
256            <meta-data
256-->[com.google.firebase:firebase-messaging:23.4.1] AndroidManifest.xml:60:13-62:85
257                android:name="com.google.firebase.components:com.google.firebase.messaging.FirebaseMessagingRegistrar"
257-->[com.google.firebase:firebase-messaging:23.4.1] AndroidManifest.xml:61:17-119
258                android:value="com.google.firebase.components.ComponentRegistrar" />
258-->[com.google.firebase:firebase-messaging:23.4.1] AndroidManifest.xml:62:17-82
259            <meta-data
259-->[com.google.firebase:firebase-installations:17.2.0] AndroidManifest.xml:15:13-17:85
260                android:name="com.google.firebase.components:com.google.firebase.installations.FirebaseInstallationsKtxRegistrar"
260-->[com.google.firebase:firebase-installations:17.2.0] AndroidManifest.xml:16:17-130
261                android:value="com.google.firebase.components.ComponentRegistrar" />
261-->[com.google.firebase:firebase-installations:17.2.0] AndroidManifest.xml:17:17-82
262            <meta-data
262-->[com.google.firebase:firebase-installations:17.2.0] AndroidManifest.xml:18:13-20:85
263                android:name="com.google.firebase.components:com.google.firebase.installations.FirebaseInstallationsRegistrar"
263-->[com.google.firebase:firebase-installations:17.2.0] AndroidManifest.xml:19:17-127
264                android:value="com.google.firebase.components.ComponentRegistrar" />
264-->[com.google.firebase:firebase-installations:17.2.0] AndroidManifest.xml:20:17-82
265            <meta-data
265-->[com.google.firebase:firebase-common-ktx:20.4.2] AndroidManifest.xml:12:13-14:85
266                android:name="com.google.firebase.components:com.google.firebase.ktx.FirebaseCommonLegacyRegistrar"
266-->[com.google.firebase:firebase-common-ktx:20.4.2] AndroidManifest.xml:13:17-116
267                android:value="com.google.firebase.components.ComponentRegistrar" />
267-->[com.google.firebase:firebase-common-ktx:20.4.2] AndroidManifest.xml:14:17-82
268            <meta-data
268-->[com.google.firebase:firebase-common:20.4.2] AndroidManifest.xml:35:13-37:85
269                android:name="com.google.firebase.components:com.google.firebase.FirebaseCommonKtxRegistrar"
269-->[com.google.firebase:firebase-common:20.4.2] AndroidManifest.xml:36:17-109
270                android:value="com.google.firebase.components.ComponentRegistrar" />
270-->[com.google.firebase:firebase-common:20.4.2] AndroidManifest.xml:37:17-82
271            <meta-data
271-->[com.google.firebase:firebase-datatransport:18.1.7] AndroidManifest.xml:27:13-29:85
272                android:name="com.google.firebase.components:com.google.firebase.datatransport.TransportRegistrar"
272-->[com.google.firebase:firebase-datatransport:18.1.7] AndroidManifest.xml:28:17-115
273                android:value="com.google.firebase.components.ComponentRegistrar" />
273-->[com.google.firebase:firebase-datatransport:18.1.7] AndroidManifest.xml:29:17-82
274        </service>
275
276        <activity
276-->[com.google.android.gms:play-services-base:18.0.1] AndroidManifest.xml:20:9-22:45
277            android:name="com.google.android.gms.common.api.GoogleApiActivity"
277-->[com.google.android.gms:play-services-base:18.0.1] AndroidManifest.xml:20:19-85
278            android:exported="false"
278-->[com.google.android.gms:play-services-base:18.0.1] AndroidManifest.xml:22:19-43
279            android:theme="@android:style/Theme.Translucent.NoTitleBar" />